{"uuid":"85ddd89f-0803-4fc1-b505-bee14c2b9345","historyId":"b829b53c5e157bd47d99388bf5fe3f7","fullName":"Com.tesringacdemy.tests.pageObjectModule_Test.vwo.TestVWOLogin_01_NormalScript_POM.testLoginPositiveVWO","labels":[{"name":"package","value":"Com.tesringacdemy.tests.pageObjectModule_Test.vwo.TestVWOLogin_01_NormalScript_POM"},{"name":"testClass","value":"Com.tesringacdemy.tests.pageObjectModule_Test.vwo.TestVWOLogin_01_NormalScript_POM"},{"name":"testMethod","value":"testLoginPositiveVWO"},{"name":"parentSuite","value":"Default Suite"},{"name":"suite","value":"ATB12xSeleniumAdvanceFramework"},{"name":"subSuite","value":"Com.tesringacdemy.tests.pageObjectModule_Test.vwo.TestVWOLogin_01_NormalScript_POM"},{"name":"host","value":"NikKrn"},{"name":"thread","value":"6948@NikKrn.main(3)"},{"name":"framework","value":"testng"},{"name":"language","value":"java"},{"name":"owner","value":"Kiran"}],"links":[],"name":"testLoginPositiveVWO","status":"broken","statusDetails":{"known":false,"muted":false,"flaky":false,"message":"java.io.FileNotFoundException: C:\\Users\\kiran\\IdeaProjects\\ATB12XSeleniumAdvanceFrameworksrc\\main\\resources\\data.properties (The system cannot find the path specified)","trace":"java.lang.RuntimeException: java.io.FileNotFoundException: C:\\Users\\kiran\\IdeaProjects\\ATB12XSeleniumAdvanceFrameworksrc\\main\\resources\\data.properties (The system cannot find the path specified)\r\n\tat Com.tesringacdemy.utils.PropertiesReader.readKey(PropertiesReader.java:23)\r\n\tat Com.tesringacdemy.pages.PageObjectModule.vwo.normal_POM.LoginPage.loginToVWOLoginValidCreds(LoginPage.java:43)\r\n\tat Com.tesringacdemy.tests.pageObjectModule_Test.vwo.TestVWOLogin_01_NormalScript_POM.testLoginPositiveVWO(TestVWOLogin_01_NormalScript_POM.java:45)\r\n\tat java.base/jdk.internal.reflect.DirectMethodHandleAccessor.invoke(DirectMethodHandleAccessor.java:104)\r\n\tat java.base/java.lang.reflect.Method.invoke(Method.java:565)\r\n\tat org.testng.internal.invokers.MethodInvocationHelper.invokeMethod(MethodInvocationHelper.java:141)\r\n\tat org.testng.internal.invokers.TestInvoker.invokeMethod(TestInvoker.java:687)\r\n\tat org.testng.internal.invokers.TestInvoker.invokeTestMethod(TestInvoker.java:230)\r\n\tat org.testng.internal.invokers.MethodRunner.runInSequence(MethodRunner.java:63)\r\n\tat org.testng.internal.invokers.TestInvoker$MethodInvocationAgent.invoke(TestInvoker.java:995)\r\n\tat org.testng.internal.invokers.TestInvoker.invokeTestMethods(TestInvoker.java:203)\r\n\tat org.testng.internal.invokers.TestMethodWorker.invokeTestMethods(TestMethodWorker.java:154)\r\n\tat org.testng.internal.invokers.TestMethodWorker.run(TestMethodWorker.java:134)\r\n\tat java.base/java.util.ArrayList.forEach(ArrayList.java:1604)\r\n\tat org.testng.TestRunner.privateRun(TestRunner.java:741)\r\n\tat org.testng.TestRunner.run(TestRunner.java:616)\r\n\tat org.testng.SuiteRunner.runTest(SuiteRunner.java:421)\r\n\tat org.testng.SuiteRunner.runSequentially(SuiteRunner.java:413)\r\n\tat org.testng.SuiteRunner.privateRun(SuiteRunner.java:373)\r\n\tat org.testng.SuiteRunner.run(SuiteRunner.java:312)\r\n\tat org.testng.SuiteRunnerWorker.runSuite(SuiteRunnerWorker.java:52)\r\n\tat org.testng.SuiteRunnerWorker.run(SuiteRunnerWorker.java:95)\r\n\tat org.testng.TestNG.runSuitesSequentially(TestNG.java:1274)\r\n\tat org.testng.TestNG.runSuitesLocally(TestNG.java:1208)\r\n\tat org.testng.TestNG.runSuites(TestNG.java:1112)\r\n\tat org.testng.TestNG.run(TestNG.java:1079)\r\n\tat com.intellij.rt.testng.IDEARemoteTestNG.run(IDEARemoteTestNG.java:65)\r\n\tat com.intellij.rt.testng.RemoteTestNGStarter.main(RemoteTestNGStarter.java:105)\r\nCaused by: java.io.FileNotFoundException: C:\\Users\\kiran\\IdeaProjects\\ATB12XSeleniumAdvanceFrameworksrc\\main\\resources\\data.properties (The system cannot find the path specified)\r\n\tat java.base/java.io.FileInputStream.open0(Native Method)\r\n\tat java.base/java.io.FileInputStream.open(FileInputStream.java:185)\r\n\tat java.base/java.io.FileInputStream.<init>(FileInputStream.java:139)\r\n\tat java.base/java.io.FileInputStream.<init>(FileInputStream.java:109)\r\n\tat Com.tesringacdemy.utils.PropertiesReader.readKey(PropertiesReader.java:16)\r\n\t... 27 more\r\n"},"stage":"finished","description":"TC#2-Verify that valid creds dashboard page is loaded","steps":[],"attachments":[],"parameters":[],"start":1758216841308,"stop":1758216844450}