{"uuid":"d1770f86-4037-4858-975a-e62c6bfb0e49","historyId":"57aa5624f5c36daf192ef8e4a6a8db96","fullName":"Com.tesringacdemy.tests.pageObjectModule_Test.vwo.TestVWOLogin_02_PropertyReader_DriverManager_POM_CommonToAll.test_negative_vwo_login","labels":[{"name":"package","value":"Com.tesringacdemy.tests.pageObjectModule_Test.vwo.TestVWOLogin_02_PropertyReader_DriverManager_POM_CommonToAll"},{"name":"testClass","value":"Com.tesringacdemy.tests.pageObjectModule_Test.vwo.TestVWOLogin_02_PropertyReader_DriverManager_POM_CommonToAll"},{"name":"testMethod","value":"test_negative_vwo_login"},{"name":"parentSuite","value":"Default Suite"},{"name":"suite","value":"ATB12xSeleniumAdvanceFramework"},{"name":"subSuite","value":"Com.tesringacdemy.tests.pageObjectModule_Test.vwo.TestVWOLogin_02_PropertyReader_DriverManager_POM_CommonToAll"},{"name":"host","value":"NikKrn"},{"name":"thread","value":"9848@NikKrn.main(3)"},{"name":"framework","value":"testng"},{"name":"language","value":"java"}],"links":[],"name":"test_negative_vwo_login","status":"skipped","statusDetails":{"known":false,"muted":false,"flaky":false,"message":"java.io.FileNotFoundException: C:\\Users\\kiran\\IdeaProjects\\ATB12XSeleniumAdvanceFrameworksrc\\main\\resources\\data.properties (The system cannot find the path specified)","trace":"java.lang.RuntimeException: java.io.FileNotFoundException: C:\\Users\\kiran\\IdeaProjects\\ATB12XSeleniumAdvanceFrameworksrc\\main\\resources\\data.properties (The system cannot find the path specified)\r\n\tat Com.tesringacdemy.utils.PropertiesReader.readKey(PropertiesReader.java:23)\r\n\tat Com.tesringacdemy.driver.DriverManager.init(DriverManager.java:29)\r\n\tat Com.tesringacdemy.Base.CommonToAllTest.setUp(CommonToAllTest.java:14)\r\n\tat java.base/jdk.internal.reflect.DirectMethodHandleAccessor.invoke(DirectMethodHandleAccessor.java:104)\r\n\tat java.base/java.lang.reflect.Method.invoke(Method.java:565)\r\n\tat org.testng.internal.invokers.MethodInvocationHelper.invokeMethod(MethodInvocationHelper.java:141)\r\n\tat org.testng.internal.invokers.MethodInvocationHelper.invokeMethodConsideringTimeout(MethodInvocationHelper.java:71)\r\n\tat org.testng.internal.invokers.ConfigInvoker.invokeConfigurationMethod(ConfigInvoker.java:400)\r\n\tat org.testng.internal.invokers.ConfigInvoker.invokeConfigurations(ConfigInvoker.java:333)\r\n\tat org.testng.internal.invokers.TestInvoker.runConfigMethods(TestInvoker.java:836)\r\n\tat org.testng.internal.invokers.TestInvoker.invokeMethod(TestInvoker.java:601)\r\n\tat org.testng.internal.invokers.TestInvoker.invokeTestMethod(TestInvoker.java:230)\r\n\tat org.testng.internal.invokers.MethodRunner.runInSequence(MethodRunner.java:63)\r\n\tat org.testng.internal.invokers.TestInvoker$MethodInvocationAgent.invoke(TestInvoker.java:995)\r\n\tat org.testng.internal.invokers.TestInvoker.invokeTestMethods(TestInvoker.java:203)\r\n\tat org.testng.internal.invokers.TestMethodWorker.invokeTestMethods(TestMethodWorker.java:154)\r\n\tat org.testng.internal.invokers.TestMethodWorker.run(TestMethodWorker.java:134)\r\n\tat java.base/java.util.ArrayList.forEach(ArrayList.java:1604)\r\n\tat org.testng.TestRunner.privateRun(TestRunner.java:741)\r\n\tat org.testng.TestRunner.run(TestRunner.java:616)\r\n\tat org.testng.SuiteRunner.runTest(SuiteRunner.java:421)\r\n\tat org.testng.SuiteRunner.runSequentially(SuiteRunner.java:413)\r\n\tat org.testng.SuiteRunner.privateRun(SuiteRunner.java:373)\r\n\tat org.testng.SuiteRunner.run(SuiteRunner.java:312)\r\n\tat org.testng.SuiteRunnerWorker.runSuite(SuiteRunnerWorker.java:52)\r\n\tat org.testng.SuiteRunnerWorker.run(SuiteRunnerWorker.java:95)\r\n\tat org.testng.TestNG.runSuitesSequentially(TestNG.java:1274)\r\n\tat org.testng.TestNG.runSuitesLocally(TestNG.java:1208)\r\n\tat org.testng.TestNG.runSuites(TestNG.java:1112)\r\n\tat org.testng.TestNG.run(TestNG.java:1079)\r\n\tat com.intellij.rt.testng.IDEARemoteTestNG.run(IDEARemoteTestNG.java:65)\r\n\tat com.intellij.rt.testng.RemoteTestNGStarter.main(RemoteTestNGStarter.java:105)\r\nCaused by: java.io.FileNotFoundException: C:\\Users\\kiran\\IdeaProjects\\ATB12XSeleniumAdvanceFrameworksrc\\main\\resources\\data.properties (The system cannot find the path specified)\r\n\tat java.base/java.io.FileInputStream.open0(Native Method)\r\n\tat java.base/java.io.FileInputStream.open(FileInputStream.java:185)\r\n\tat java.base/java.io.FileInputStream.<init>(FileInputStream.java:139)\r\n\tat java.base/java.io.FileInputStream.<init>(FileInputStream.java:109)\r\n\tat Com.tesringacdemy.utils.PropertiesReader.readKey(PropertiesReader.java:16)\r\n\t... 31 more\r\n"},"stage":"finished","description":"TC#1- Verify that with invalid email, pass, error message is shown on the app.vwo.com","steps":[],"attachments":[],"parameters":[],"start":1758217324171,"stop":1758217324172}